<?xml version="1.0" encoding="UTF-8"?>
<!-- Generated by org.testng.reporters.JUnitXMLReporter -->
<testsuite ignored="8" hostname="DESKTOP-NIE3BT5" failures="0" tests="5" name="Free Crm Application Test" time="144.175" errors="0" timestamp="22 Mar 2021 19:11:30 GMT">
  <testcase classname="com.crm.qa.testcases.LoginPageTest" name="loginPageTitleTest" time="0.018"/>
  <testcase classname="com.crm.qa.testcases.HomePageTest" name="clickOnContactTest" time="1.644"/>
  <testcase classname="com.crm.qa.testcases.ContactsPageTest" name="selectCheckBoxTest" time="0.932"/>
  <testcase classname="com.crm.qa.testcases.LoginPageTest" name="loginTest" time="0.356"/>
  <testcase classname="com.crm.qa.testcases.ContactsPageTest" name="clickOnEditTest" time="1.207"/>
  <testcase classname="com.crm.qa.testcases.HomePageTest" name="clickOnContactsLikTest" time="0.0">
    <ignored/>
  </testcase> <!-- clickOnContactsLikTest -->
  <testcase classname="com.crm.qa.testcases.HomePageTest" name="verifyUserNametest" time="0.0">
    <ignored/>
  </testcase> <!-- verifyUserNametest -->
  <testcase classname="com.crm.qa.testcases.HomePageTest" name="clickOntaskLinkTest" time="0.0">
    <ignored/>
  </testcase> <!-- clickOntaskLinkTest -->
  <testcase classname="com.crm.qa.testcases.HomePageTest" name="clickOnDelaspageTest" time="0.0">
    <ignored/>
  </testcase> <!-- clickOnDelaspageTest -->
  <testcase classname="com.crm.qa.testcases.LoginPageTest" name="validateCRMLogoTest" time="0.0">
    <ignored/>
  </testcase> <!-- validateCRMLogoTest -->
  <testcase classname="com.crm.qa.testcases.HomePageTest" name="clickNewContactIconTest" time="0.0">
    <ignored/>
  </testcase> <!-- clickNewContactIconTest -->
  <testcase classname="com.crm.qa.testcases.ContactsPageTest" name="verifyUserNameTest" time="0.0">
    <ignored/>
  </testcase> <!-- verifyUserNameTest -->
  <testcase classname="com.crm.qa.testcases.HomePageTest" name="verifyHomePageTitleTest" time="0.0">
    <ignored/>
  </testcase> <!-- verifyHomePageTitleTest -->
</testsuite> <!-- Free Crm Application Test -->
