<?xml version="1.0" encoding="UTF-8"?>
<testng-results ignored="8" total="13" passed="5" failed="0" skipped="0">
  <reporter-output>
  </reporter-output>
  <suite started-at="2021-03-22T19:09:06Z" name="Free Crm Test Automation Test Suite" finished-at="2021-03-22T19:11:30Z" duration-ms="144175">
    <groups>
    </groups>
    <test started-at="2021-03-22T19:09:06Z" name="Free Crm Application Test" finished-at="2021-03-22T19:11:30Z" duration-ms="144175">
      <class name="com.crm.qa.testcases.HomePageTest">
        <test-method is-config="true" signature="setUp()[pri:0, instance:com.crm.qa.testcases.HomePageTest@4be29ed9]" started-at="2021-03-23T00:39:32Z" name="setUp" finished-at="2021-03-23T00:39:58Z" duration-ms="25074" status="PASS">
          <reporter-output>
          </reporter-output>
        </test-method> <!-- setUp -->
        <test-method signature="clickOnContactTest()[pri:2, instance:com.crm.qa.testcases.HomePageTest@4be29ed9]" started-at="2021-03-23T00:39:58Z" name="clickOnContactTest" finished-at="2021-03-23T00:39:59Z" duration-ms="1644" status="PASS">
          <reporter-output>
          </reporter-output>
        </test-method> <!-- clickOnContactTest -->
        <test-method is-config="true" signature="tearDown()[pri:0, instance:com.crm.qa.testcases.HomePageTest@4be29ed9]" started-at="2021-03-23T00:39:59Z" name="tearDown" finished-at="2021-03-23T00:40:02Z" duration-ms="2840" status="PASS">
          <reporter-output>
          </reporter-output>
        </test-method> <!-- tearDown -->
      </class> <!-- com.crm.qa.testcases.HomePageTest -->
      <class name="com.crm.qa.testcases.ContactsPageTest">
        <test-method is-config="true" signature="setUp()[pri:0, instance:com.crm.qa.testcases.ContactsPageTest@548d708a]" started-at="2021-03-23T00:40:02Z" name="setUp" finished-at="2021-03-23T00:40:29Z" duration-ms="26737" status="PASS">
          <reporter-output>
          </reporter-output>
        </test-method> <!-- setUp -->
        <test-method signature="selectCheckBoxTest()[pri:2, instance:com.crm.qa.testcases.ContactsPageTest@548d708a]" started-at="2021-03-23T00:40:29Z" name="selectCheckBoxTest" finished-at="2021-03-23T00:40:30Z" duration-ms="932" status="PASS">
          <reporter-output>
          </reporter-output>
        </test-method> <!-- selectCheckBoxTest -->
        <test-method is-config="true" signature="tearDown()[pri:0, instance:com.crm.qa.testcases.ContactsPageTest@548d708a]" started-at="2021-03-23T00:40:30Z" name="tearDown" finished-at="2021-03-23T00:40:32Z" duration-ms="2815" status="PASS">
          <reporter-output>
          </reporter-output>
        </test-method> <!-- tearDown -->
        <test-method is-config="true" signature="setUp()[pri:0, instance:com.crm.qa.testcases.ContactsPageTest@548d708a]" started-at="2021-03-23T00:40:59Z" name="setUp" finished-at="2021-03-23T00:41:26Z" duration-ms="27421" status="PASS">
          <reporter-output>
          </reporter-output>
        </test-method> <!-- setUp -->
        <test-method signature="clickOnEditTest()[pri:3, instance:com.crm.qa.testcases.ContactsPageTest@548d708a]" started-at="2021-03-23T00:41:26Z" name="clickOnEditTest" finished-at="2021-03-23T00:41:27Z" duration-ms="1207" status="PASS">
          <reporter-output>
          </reporter-output>
        </test-method> <!-- clickOnEditTest -->
        <test-method is-config="true" signature="tearDown()[pri:0, instance:com.crm.qa.testcases.ContactsPageTest@548d708a]" started-at="2021-03-23T00:41:27Z" name="tearDown" finished-at="2021-03-23T00:41:30Z" duration-ms="2822" status="PASS">
          <reporter-output>
          </reporter-output>
        </test-method> <!-- tearDown -->
      </class> <!-- com.crm.qa.testcases.ContactsPageTest -->
      <class name="com.crm.qa.testcases.LoginPageTest">
        <test-method is-config="true" signature="setUp()[pri:0, instance:com.crm.qa.testcases.LoginPageTest@3a7442c7]" started-at="2021-03-23T00:39:06Z" name="setUp" finished-at="2021-03-23T00:39:31Z" duration-ms="25487" status="PASS">
          <reporter-output>
          </reporter-output>
        </test-method> <!-- setUp -->
        <test-method signature="loginPageTitleTest()[pri:1, instance:com.crm.qa.testcases.LoginPageTest@3a7442c7]" started-at="2021-03-23T00:39:31Z" name="loginPageTitleTest" finished-at="2021-03-23T00:39:31Z" duration-ms="18" status="PASS">
          <reporter-output>
          </reporter-output>
        </test-method> <!-- loginPageTitleTest -->
        <test-method is-config="true" signature="tearDown()[pri:0, instance:com.crm.qa.testcases.LoginPageTest@3a7442c7]" started-at="2021-03-23T00:39:31Z" name="tearDown" finished-at="2021-03-23T00:39:32Z" duration-ms="931" status="PASS">
          <reporter-output>
          </reporter-output>
        </test-method> <!-- tearDown -->
        <test-method is-config="true" signature="setUp()[pri:0, instance:com.crm.qa.testcases.LoginPageTest@3a7442c7]" started-at="2021-03-23T00:40:32Z" name="setUp" finished-at="2021-03-23T00:40:58Z" duration-ms="25030" status="PASS">
          <reporter-output>
          </reporter-output>
        </test-method> <!-- setUp -->
        <test-method signature="loginTest()[pri:3, instance:com.crm.qa.testcases.LoginPageTest@3a7442c7]" started-at="2021-03-23T00:40:58Z" name="loginTest" finished-at="2021-03-23T00:40:58Z" duration-ms="356" status="PASS">
          <reporter-output>
          </reporter-output>
        </test-method> <!-- loginTest -->
        <test-method is-config="true" signature="tearDown()[pri:0, instance:com.crm.qa.testcases.LoginPageTest@3a7442c7]" started-at="2021-03-23T00:40:58Z" name="tearDown" finished-at="2021-03-23T00:40:59Z" duration-ms="811" status="PASS">
          <reporter-output>
          </reporter-output>
        </test-method> <!-- tearDown -->
      </class> <!-- com.crm.qa.testcases.LoginPageTest -->
    </test> <!-- Free Crm Application Test -->
  </suite> <!-- Free Crm Test Automation Test Suite -->
</testng-results>
